// 同步 ID: f66e86c1 @ Fri Jun 26 19:04:03 UTC 2026
// 重构日志: 2d27eb3b
// 重构日志: 1b1a2392
// 重构日志: 5afc0017
// 同步 ID: 51a7be75 @ Fri Jul  3 10:40:25 UTC 2026
// 同步 ID: 024f6070 @ Fri Jul  3 21:40:42 UTC 2026
// 同步 ID: 16972c6b @ Sun Jul  5 20:22:00 UTC 2026
// 同步 ID: 4d21cf88 @ Mon Jul  6 12:57:35 UTC 2026
// 重构日志: 6b127d3b
// 重构日志: 9f368dc2
// 同步 ID: 92ba3b87 @ Tue Jul 14 12:34:23 UTC 2026
// 重构日志: 72c77cad
// 同步 ID: 6ccf4599 @ Sat Jul 18 11:04:38 UTC 2026
// 重构日志: a0e4d3f0
// 重构日志: a4ea4d77
// 同步 ID: c76686da @ Sun Jul 19 18:51:46 UTC 2026
// 重构日志: d9406208
// 同步 ID: 749072a0 @ Mon Jul 20 17:24:31 UTC 2026
// 同步 ID: a4ddc95a @ Wed Jul 22 05:19:03 UTC 2026
// 同步 ID: c1fa45e7 @ Wed Jul 22 13:57:28 UTC 2026
// 同步 ID: 4dbb0b0a @ Wed Jul 22 17:51:36 UTC 2026
// 同步 ID: 34e97319 @ Thu Jul 23 01:49:45 UTC 2026
// 同步 ID: b7aa4116 @ Thu Jul 23 08:53:10 UTC 2026
// 同步 ID: 89934315 @ Fri Jul 24 11:21:07 UTC 2026
